commit c0b617929bd0caab3efe4cfb97c36ce1ce40261d
Author: justwinata <justwinata@gmail.com>
Date:   Tue Jun 23 17:34:36 2015 -0500

    Ran coverage and pydoc3, fixed makefile

commit ebb894c69d9edf4a45bf34934975e348f379ae4a
Author: justwinata <justwinata@gmail.com>
Date:   Tue Jun 23 17:22:23 2015 -0500

    Finished TestNetlix.py

commit 7f8af742df7feee924f4ee7ec114f52d1f47c10a
Author: justwinata <justwinata@gmail.com>
Date:   Tue Jun 23 16:54:48 2015 -0500

    Adding to TestNetflix

commit abee32526a42b4dd8ebb53a2c87234a07b8d610a
Author: justwinata <justwinata@gmail.com>
Date:   Tue Jun 23 16:16:25 2015 -0500

    100 movies test cases reduced to approx. 100 test cases

commit 6e15f6eda8d98608adc3579eda12d32d72f483e0
Author: justwinata <justwinata@gmail.com>
Date:   Tue Jun 23 15:42:38 2015 -0500

    Adding test output

commit aa907e0535c7f2c3aa053de2b412fe62214533cc
Author: justwinata <justwinata@gmail.com>
Date:   Tue Jun 23 15:35:54 2015 -0500

    100 movies test file

commit d0496feac4a37a397fdc3fe93866bd7b8990bd99
Author: Efosa Elaiho <efeelaiho15@utexas.edu>
Date:   Tue Jun 23 15:10:36 2015 -0500

    test RMSE

commit bfee028c94f868607d84301bf9162baf86f675c5
Author: Efosa Elaiho <efeelaiho15@utexas.edu>
Date:   Tue Jun 23 14:54:46 2015 -0500

    fixed predictions and rmse

commit 846998b05182adc25805a9b36c77540a21c52581
Author: Efosa Elaiho <efeelaiho15@utexas.edu>
Date:   Tue Jun 23 04:03:57 2015 -0500

    complete print, end, and half of read

commit f06862ca3c45a998a0308827937c6bf54d8ba7f5
Author: Efosa Elaiho <efeelaiho15@utexas.edu>
Date:   Mon Jun 22 19:31:05 2015 -0500

    construct read method

commit dbe9bbc863b59022e2b5665858b8ac08392683a6
Author: Efosa Elaiho <efeelaiho15@utexas.edu>
Date:   Mon Jun 22 16:59:04 2015 -0500

    add json files

commit d1fdcec39816b6084f15befe3c189acf64d964d4
Author: Efosa Elaiho <efeelaiho15@utexas.edu>
Date:   Mon Jun 22 15:54:30 2015 -0500

    add imports

commit 30e366ea8dfed39c3c0503b1b42e9041f2ddb626
Author: Efosa Elaiho <elaiho@cs.utexas.edu>
Date:   Mon Jun 22 15:34:47 2015 -0500

    add some initialized methods

commit 1c18c8d617f4dbd0ffb402a5b8b4ada896e12cbb
Author: justwinata <justwinata@gmail.com>
Date:   Mon Jun 22 15:10:01 2015 -0500

    Deleted Collatz placeholder stuff

commit 8be5c986671707936a144590016154de6e37ba6e
Author: justwinata <justwinata@gmail.com>
Date:   Mon Jun 22 15:04:59 2015 -0500

    Deleted Collatz placeholder stuff

commit 237bb0d23274ea1b79c7981348dc3230ef49171a
Author: justwinata <justwinata@gmail.com>
Date:   Mon Jun 22 14:56:11 2015 -0500

    Renamed, trying to get Travis CI to build

commit bfad645b18543f13beb117edb5e5c824bfe6f01c
Author: justwinata <justwinata@gmail.com>
Date:   Mon Jun 22 14:52:54 2015 -0500

    chmod +x

commit fe8f243893cc6a76bcec6f67aea34f330155642f
Author: justwinata <justwinata@gmail.com>
Date:   Mon Jun 22 13:19:58 2015 -0500

    Added placeholder input file

commit f09d6f5cffd0900f29887296021636bad82ebc3f
Author: justwinata <justwinata@gmail.com>
Date:   Mon Jun 22 13:13:25 2015 -0500

    Added placeholder Python files

commit 51d503def244247daf492c5279f0be540f0ef78f
Author: justwinata <justwinata@gmail.com>
Date:   Mon Jun 22 12:41:34 2015 -0500

    Created makefile

commit a1f5b478fe6a52d804d1038bb40b84bb27c8e4e0
Author: justwinata <justwinata@gmail.com>
Date:   Mon Jun 22 12:04:36 2015 -0500

    Added sudo to .travis.yml

commit 0c72fcfc7f4033e902fd2773f6986bbda247848d
Author: justwinata <justwinata@gmail.com>
Date:   Mon Jun 22 11:55:03 2015 -0500

    C:/Program Files (x86)/Git/travis.yml added

commit 7530bdb7ebc256d806a697752ad96abf18c784c4
Author: justwinata <justwinata@gmail.com>
Date:   Mon Jun 22 08:58:11 2015 -0500

    Initial commit
